WARNING 2023-09-27 03:58:13,040 log Not Found: /easygo-shuttle-chartered-bus/
WARNING 2023-09-27 04:05:19,103 log Not Found: /.env
WARNING 2023-09-27 04:05:20,360 log Forbidden (Referer checking failed - no Referer.): /
WARNING 2023-09-27 04:47:18,401 log Not Found: /Core/Skin/Login.aspx
WARNING 2023-09-27 05:02:36,403 log Not Found: /robots.txt
WARNING 2023-09-27 05:22:47,858 log Not Found: /robots.txt
WARNING 2023-09-27 05:23:22,258 log Not Found: /robots.txt
WARNING 2023-09-27 05:45:27,520 log Not Found: /robots.txt
WARNING 2023-09-27 05:46:46,041 log Not Found: /js/NewWindow_2_all.js
WARNING 2023-09-27 05:54:47,019 log Not Found: /robots.txt
WARNING 2023-09-27 06:07:13,219 log Not Found: /autodiscover/autodiscover.json
WARNING 2023-09-27 06:20:40,215 log Not Found: /Core/Skin/Login.aspx
WARNING 2023-09-27 06:50:31,439 log Not Found: /shop/ko/product/남성용-운동가-다운-재킷/
WARNING 2023-09-27 07:06:46,922 log Not Found: /.env
WARNING 2023-09-27 07:06:47,954 log Forbidden (Referer checking failed - no Referer.): /
WARNING 2023-09-27 07:30:37,202 log Not Found: /shop/ko/product/moncler-affton-coat-men-다운-블랙/
WARNING 2023-09-27 07:54:05,753 log Not Found: /Core/Skin/Login.aspx
WARNING 2023-09-27 07:56:13,296 log Not Found: /robots.txt
WARNING 2023-09-27 07:59:00,015 log Not Found: /shop/ko/product/몽크-다운-다운-조끼-유니섹스-광택-후드-티드-블랙/
WARNING 2023-09-27 08:02:11,790 log Not Found: /wp-login.php
WARNING 2023-09-27 08:06:41,637 log Not Found: /wp-content/plugins/core-plugin/include.php
WARNING 2023-09-27 08:06:51,446 log Not Found: /wp-content/plugins/WordPressCore/include.php
WARNING 2023-09-27 08:07:03,737 log Not Found: /wp-includes/images/include.php
WARNING 2023-09-27 08:07:10,485 log Not Found: /wp-includes/widgets/include.php
WARNING 2023-09-27 08:49:45,090 log Not Found: /_profiler/phpinfo
WARNING 2023-09-27 08:49:45,913 log Not Found: /yuuki
WARNING 2023-09-27 08:49:46,832 log Not Found: /.env
WARNING 2023-09-27 08:49:47,759 log Forbidden (Referer checking failed - no Referer.): /
WARNING 2023-09-27 08:56:13,984 log Not Found: /robots.txt
ERROR 2023-09-27 09:02:00,919 exception Invalid HTTP_HOST header: 'ec2-54-206-144-94.ap-southeast-2.compute.amazonaws.com'. You may need to add 'ec2-54-206-144-94.ap-southeast-2.compute.amazonaws.com' to ALLOWED_HOSTS.
WARNING 2023-09-27 09:02:00,932 log Bad Request: /.git/config
WARNING 2023-09-27 09:05:16,074 log Not Found: /shop/nl/product-category/moncler-jassen-womens/
WARNING 2023-09-27 09:27:28,038 log Not Found: /Core/Skin/Login.aspx
WARNING 2023-09-27 09:27:36,445 log Not Found: /shop/product/moncler-jackets-kids-sestriere-yellow/
WARNING 2023-09-27 09:47:03,284 log Not Found: /wp.php
WARNING 2023-09-27 10:00:28,757 log Not Found: /ko/product/moncler-chany-down-vest-여성용-지퍼-짧은-검정/
WARNING 2023-09-27 10:41:56,004 log Not Found: /shop/ko/product/moncler-aliso-디자이너-womens-다운-재킷-벨트-블랙/
WARNING 2023-09-27 10:42:38,044 log Not Found: /wp-login.php
WARNING 2023-09-27 11:00:49,876 log Not Found: /Core/Skin/Login.aspx
WARNING 2023-09-27 11:19:26,923 log Not Found: /robots.txt
WARNING 2023-09-27 11:38:57,104 log Not Found: /wp-includes/images/include.php
WARNING 2023-09-27 11:42:17,647 log Not Found: /robots.txt
WARNING 2023-09-27 11:47:37,691 log Not Found: /robots.txt
WARNING 2023-09-27 12:15:23,660 log Not Found: /robots.txt
WARNING 2023-09-27 12:23:15,792 log Not Found: /robots.txt
WARNING 2023-09-27 12:25:24,401 log Not Found: /robots.txt
WARNING 2023-09-27 12:27:32,810 log Not Found: /robots.txt
WARNING 2023-09-27 12:34:27,516 log Not Found: /Core/Skin/Login.aspx
WARNING 2023-09-27 12:55:54,112 log Not Found: /.env
WARNING 2023-09-27 12:55:55,335 log Forbidden (Referer checking failed - no Referer.): /
WARNING 2023-09-27 13:18:06,010 log Not Found: /robots.txt
WARNING 2023-09-27 13:35:12,134 log Not Found: /.well-known/acme-challenge/A5OEULM4B_QCVBDDUA0GKSYJG3KEBIR0
WARNING 2023-09-27 13:35:13,165 log Not Found: /.well-known/acme-challenge/LK_A6AE7Q4Y2GK5V8C9H9TUD9D3N0I_D
WARNING 2023-09-27 13:45:35,659 log Not Found: /ads.txt
WARNING 2023-09-27 14:08:14,976 log Not Found: /Core/Skin/Login.aspx
WARNING 2023-09-27 14:20:30,520 log Not Found: /vpn/index.html
WARNING 2023-09-27 14:22:00,932 log Not Found: /geoserver/web/
WARNING 2023-09-27 14:22:52,775 log Not Found: /.git/config
WARNING 2023-09-27 14:29:52,739 log Not Found: /stalker_portal/server/tools/auth_simple.php
WARNING 2023-09-27 14:37:45,365 log Not Found: /.env
WARNING 2023-09-27 14:39:42,846 log Not Found: /wp-content/plugins/wp-front-end-repository/js/uploadify/uploadify.css
WARNING 2023-09-27 14:52:24,510 log Not Found: /vendor/phpunit/phpunit/src/Util/PHP/eval-stdin.php
WARNING 2023-09-27 14:52:31,361 log Not Found: /.env
WARNING 2023-09-27 15:07:26,008 log Not Found: /aaa9
WARNING 2023-09-27 15:07:27,370 log Not Found: /aab9
WARNING 2023-09-27 15:08:20,219 log Not Found: /aaa9
WARNING 2023-09-27 15:08:21,586 log Not Found: /aab9
WARNING 2023-09-27 15:13:32,849 log Not Found: /wp-content/plugins/WordPressCore/include.php
WARNING 2023-09-27 15:13:37,571 log Not Found: /wp-content/themes/include.php
WARNING 2023-09-27 15:13:41,460 log Not Found: /wp-content/plugins/include.php
WARNING 2023-09-27 15:13:45,814 log Not Found: /wp-includes/images/include.php
WARNING 2023-09-27 15:13:52,571 log Not Found: /wp-includes/widgets/include.php
WARNING 2023-09-27 15:14:15,278 log Not Found: /.env
WARNING 2023-09-27 15:20:19,089 log Not Found: /wp-content/uploads/
WARNING 2023-09-27 15:20:20,617 log Not Found: /wp-includes/
WARNING 2023-09-27 15:20:23,559 log Not Found: /.well-known/
WARNING 2023-09-27 15:27:42,290 log Not Found: /.env
WARNING 2023-09-27 15:27:43,539 log Forbidden (Referer checking failed - no Referer.): /
WARNING 2023-09-27 15:39:06,184 log Not Found: /robots.txt
WARNING 2023-09-27 15:39:11,591 log Not Found: /robots.txt
WARNING 2023-09-27 15:41:47,134 log Not Found: /Core/Skin/Login.aspx
WARNING 2023-09-27 16:03:12,871 log Not Found: /robots.txt
WARNING 2023-09-27 16:03:15,387 log Not Found: /sitemap.xml
WARNING 2023-09-27 16:03:18,439 log Not Found: /.well-known/security.txt
WARNING 2023-09-27 16:05:08,498 log Not Found: /script
WARNING 2023-09-27 16:44:35,439 log Not Found: /shop/basket/
WARNING 2023-09-27 17:02:36,182 log Not Found: /robots.txt
WARNING 2023-09-27 17:15:50,606 log Not Found: /Core/Skin/Login.aspx
WARNING 2023-09-27 17:42:54,398 log Not Found: /shop/ko/product/moncler-womens-재킷-더블-브레스트-장식-벨트-레드/
WARNING 2023-09-27 17:51:49,504 log Not Found: //wp-login.php
WARNING 2023-09-27 18:09:28,290 log Not Found: /.vscode/sftp.json
WARNING 2023-09-27 18:09:29,159 log Not Found: /about
WARNING 2023-09-27 18:09:30,039 log Not Found: /debug/default/view
WARNING 2023-09-27 18:09:30,916 log Not Found: /v2/_catalog
WARNING 2023-09-27 18:09:31,793 log Not Found: /ecp/Current/exporttool/microsoft.exchange.ediscovery.exporttool.application
WARNING 2023-09-27 18:09:32,670 log Not Found: /server-status
WARNING 2023-09-27 18:09:33,585 log Not Found: /login.action
WARNING 2023-09-27 18:09:34,442 log Not Found: /_all_dbs
WARNING 2023-09-27 18:09:35,307 log Not Found: /.DS_Store
WARNING 2023-09-27 18:09:36,236 log Not Found: /.env
WARNING 2023-09-27 18:09:37,157 log Not Found: /.git/config
WARNING 2023-09-27 18:09:38,037 log Not Found: /s/4393e2434313e2630323e24353/_/;/META-INF/maven/com.atlassian.jira/jira-webapp-dist/pom.properties
WARNING 2023-09-27 18:09:39,061 log Not Found: /config.json
WARNING 2023-09-27 18:09:39,988 log Not Found: /telescope/requests
WARNING 2023-09-27 18:23:04,459 log Not Found: /.well-known/traffic-advice
WARNING 2023-09-27 18:50:03,899 log Not Found: /Core/Skin/Login.aspx
WARNING 2023-09-27 19:26:05,341 log Not Found: /robots.txt
WARNING 2023-09-27 19:37:04,066 log Not Found: /shop/de/product/moncler-auburn-3/
WARNING 2023-09-27 19:43:54,921 log Not Found: /wp-content/plugins/ninja-forms/readme.txt
WARNING 2023-09-27 19:47:13,920 log Not Found: /.env
WARNING 2023-09-27 19:47:15,114 log Forbidden (Referer checking failed - no Referer.): /
WARNING 2023-09-27 19:52:39,979 log Not Found: /sms: 61406883355
WARNING 2023-09-27 19:52:40,418 log Not Found: /sms: 61406883355
WARNING 2023-09-27 20:05:54,648 log Not Found: /robots.txt
WARNING 2023-09-27 20:20:18,645 log Not Found: /index.php
WARNING 2023-09-27 20:24:29,232 log Not Found: /Core/Skin/Login.aspx
ERROR 2023-09-27 20:28:26,765 log Internal Server Error: /paypal_ipn/
